TN:
SF:server\config\validateEnv.ts
FNF:0
FNH:0
LF:0
LH:0
BRF:0
BRH:0
end_of_record
TN:
SF:server\controllers\auth.controller.ts
FN:30,sessionCookieOptions
FN:45,(anonymous_1)
FN:111,(anonymous_2)
FN:129,(anonymous_3)
FNF:4
FNH:4
FNDA:7,sessionCookieOptions
FNDA:7,(anonymous_1)
FNDA:3,(anonymous_2)
FNDA:1,(anonymous_3)
DA:19,3
DA:22,3
DA:24,3
DA:27,3
DA:31,7
DA:45,3
DA:46,7
DA:48,7
DA:49,2
DA:51,5
DA:52,0
DA:55,5
DA:56,5
DA:60,4
DA:62,4
DA:63,1
DA:67,3
DA:68,7
DA:71,7
DA:73,3
DA:74,2
DA:75,2
DA:76,1
DA:80,1
DA:81,1
DA:88,3
DA:91,3
DA:100,1
DA:101,1
DA:111,3
DA:113,3
DA:114,3
DA:116,2
DA:121,2
DA:122,1
DA:129,3
DA:130,1
DA:131,1
LF:38
LH:37
BRDA:19,0,0,3
BRDA:19,0,1,3
BRDA:46,1,0,7
BRDA:46,1,1,0
BRDA:48,2,0,2
BRDA:48,2,1,5
BRDA:48,3,0,7
BRDA:48,3,1,6
BRDA:51,4,0,0
BRDA:51,4,1,5
BRDA:62,5,0,1
BRDA:62,5,1,3
BRDA:62,6,0,4
BRDA:62,6,1,4
BRDA:62,6,2,3
BRDA:67,7,0,3
BRDA:67,7,1,0
BRDA:73,8,0,2
BRDA:73,8,1,1
BRDA:75,9,0,1
BRDA:75,9,1,1
BRDA:75,10,0,2
BRDA:75,10,1,1
BRDA:78,11,0,1
BRDA:78,11,1,0
BRDA:78,12,0,1
BRDA:78,12,1,0
BRDA:80,13,0,1
BRDA:80,13,1,0
BRDA:82,14,0,1
BRDA:82,14,1,0
BRDA:114,15,0,1
BRDA:114,15,1,2
BRDA:121,16,0,1
BRDA:121,16,1,1
BRF:35
BRH:28
end_of_record
TN:
SF:server\controllers\export.controller.ts
FN:17,parseInlineMarkdown
FN:50,parseMarkdownTable
FN:53,(anonymous_2)
FN:54,(anonymous_3)
FN:54,(anonymous_4)
FN:67,(anonymous_5)
FN:81,(anonymous_6)
FN:106,(anonymous_7)
FN:136,exportDocx
FN:386,exportPdf
FN:570,renderPdfTable
FN:571,(anonymous_11)
FN:572,(anonymous_12)
FN:572,(anonymous_13)
FN:588,(anonymous_14)
FN:598,(anonymous_15)
FN:609,stripMarkdown
FNF:17
FNH:0
FNDA:0,parseInlineMarkdown
FNDA:0,parseMarkdownTable
FNDA:0,(anonymous_2)
FNDA:0,(anonymous_3)
FNDA:0,(anonymous_4)
FNDA:0,(anonymous_5)
FNDA:0,(anonymous_6)
FNDA:0,(anonymous_7)
FNDA:0,exportDocx
FNDA:0,exportPdf
FNDA:0,renderPdfTable
FNDA:0,(anonymous_11)
FNDA:0,(anonymous_12)
FNDA:0,(anonymous_13)
FNDA:0,(anonymous_14)
FNDA:0,(anonymous_15)
FNDA:0,stripMarkdown
DA:18,0
DA:20,0
DA:21,0
DA:24,0
DA:26,0
DA:27,0
DA:29,0
DA:31,0
DA:32,0
DA:34,0
DA:35,0
DA:37,0
DA:39,0
DA:42,0
DA:43,0
DA:46,0
DA:51,0
DA:53,0
DA:54,0
DA:56,0
DA:57,0
DA:60,0
DA:61,0
DA:63,0
DA:66,0
DA:67,0
DA:78,0
DA:79,0
DA:80,0
DA:81,0
DA:91,0
DA:106,0
DA:107,0
DA:108,0
DA:109,0
DA:110,0
DA:112,0
DA:117,0
DA:118,0
DA:120,0
DA:121,0
DA:122,0
DA:123,0
DA:125,0
DA:128,0
DA:129,0
DA:137,0
DA:140,0
DA:141,0
DA:144,0
DA:150,0
DA:156,0
DA:162,0
DA:168,0
DA:175,0
DA:177,0
DA:179,0
DA:186,0
DA:193,0
DA:194,0
DA:196,0
DA:197,0
DA:199,0
DA:200,0
DA:203,0
DA:206,0
DA:207,0
DA:208,0
DA:209,0
DA:210,0
DA:212,0
DA:213,0
DA:214,0
DA:215,0
DA:216,0
DA:218,0
DA:222,0
DA:223,0
DA:224,0
DA:232,0
DA:236,0
DA:237,0
DA:238,0
DA:246,0
DA:250,0
DA:252,0
DA:253,0
DA:254,0
DA:255,0
DA:256,0
DA:257,0
DA:259,0
DA:261,0
DA:262,0
DA:266,0
DA:274,0
DA:276,0
DA:281,0
DA:285,0
DA:286,0
DA:291,0
DA:295,0
DA:296,0
DA:301,0
DA:305,0
DA:309,0
DA:313,0
DA:314,0
DA:315,0
DA:316,0
DA:317,0
DA:318,0
DA:320,0
DA:322,0
DA:323,0
DA:327,0
DA:337,0
DA:377,0
DA:378,0
DA:379,0
DA:380,0
DA:387,0
DA:396,0
DA:397,0
DA:398,0
DA:400,0
DA:401,0
DA:402,0
DA:405,0
DA:406,0
DA:407,0
DA:410,0
DA:411,0
DA:413,0
DA:415,0
DA:416,0
DA:417,0
DA:418,0
DA:419,0
DA:422,0
DA:424,0
DA:427,0
DA:430,0
DA:431,0
DA:435,0
DA:436,0
DA:437,0
DA:439,0
DA:442,0
DA:443,0
DA:445,0
DA:446,0
DA:448,0
DA:449,0
DA:450,0
DA:453,0
DA:454,0
DA:458,0
DA:459,0
DA:460,0
DA:461,0
DA:462,0
DA:464,0
DA:465,0
DA:466,0
DA:470,0
DA:471,0
DA:472,0
DA:473,0
DA:474,0
DA:475,0
DA:479,0
DA:480,0
DA:481,0
DA:482,0
DA:483,0
DA:484,0
DA:488,0
DA:490,0
DA:491,0
DA:492,0
DA:493,0
DA:494,0
DA:495,0
DA:497,0
DA:499,0
DA:500,0
DA:501,0
DA:502,0
DA:503,0
DA:504,0
DA:506,0
DA:510,0
DA:512,0
DA:513,0
DA:514,0
DA:515,0
DA:519,0
DA:520,0
DA:521,0
DA:522,0
DA:523,0
DA:527,0
DA:528,0
DA:529,0
DA:530,0
DA:531,0
DA:535,0
DA:539,0
DA:540,0
DA:544,0
DA:545,0
DA:546,0
DA:547,0
DA:548,0
DA:549,0
DA:551,0
DA:553,0
DA:554,0
DA:555,0
DA:556,0
DA:557,0
DA:558,0
DA:560,0
DA:566,0
DA:571,0
DA:572,0
DA:574,0
DA:575,0
DA:576,0
DA:578,0
DA:580,0
DA:581,0
DA:582,0
DA:583,0
DA:584,0
DA:587,0
DA:588,0
DA:589,0
DA:592,0
DA:595,0
DA:596,0
DA:597,0
DA:598,0
DA:599,0
DA:602,0
DA:605,0
DA:610,0
LF:248
LH:0
BRDA:17,0,0,0
BRDA:17,1,0,0
BRDA:26,2,0,0
BRDA:26,2,1,0
BRDA:29,3,0,0
BRDA:29,3,1,0
BRDA:32,4,0,0
BRDA:32,4,1,0
BRDA:35,5,0,0
BRDA:35,5,1,0
BRDA:42,6,0,0
BRDA:42,6,1,0
BRDA:46,7,0,0
BRDA:46,7,1,0
BRDA:51,8,0,0
BRDA:51,8,1,0
BRDA:57,9,0,0
BRDA:57,9,1,0
BRDA:60,10,0,0
BRDA:60,10,1,0
BRDA:79,11,0,0
BRDA:79,11,1,0
BRDA:83,12,0,0
BRDA:83,12,1,0
BRDA:117,13,0,0
BRDA:117,13,1,0
BRDA:118,14,0,0
BRDA:118,14,1,0
BRDA:120,15,0,0
BRDA:120,15,1,0
BRDA:122,16,0,0
BRDA:122,16,1,0
BRDA:128,17,0,0
BRDA:128,17,1,0
BRDA:157,18,0,0
BRDA:157,18,1,0
BRDA:177,19,0,0
BRDA:177,19,1,0
BRDA:177,20,0,0
BRDA:177,20,1,0
BRDA:193,21,0,0
BRDA:193,21,1,0
BRDA:203,22,0,0
BRDA:203,22,1,0
BRDA:206,23,0,0
BRDA:206,23,1,0
BRDA:208,24,0,0
BRDA:208,24,1,0
BRDA:213,25,0,0
BRDA:213,25,1,0
BRDA:222,26,0,0
BRDA:222,26,1,0
BRDA:222,27,0,0
BRDA:222,27,1,0
BRDA:237,28,0,0
BRDA:237,28,1,0
BRDA:250,29,0,0
BRDA:250,29,1,0
BRDA:252,30,0,0
BRDA:252,30,1,0
BRDA:252,31,0,0
BRDA:252,31,1,0
BRDA:256,32,0,0
BRDA:256,32,1,0
BRDA:261,33,0,0
BRDA:261,33,1,0
BRDA:267,34,0,0
BRDA:267,34,1,0
BRDA:285,35,0,0
BRDA:285,35,1,0
BRDA:295,36,0,0
BRDA:295,36,1,0
BRDA:313,37,0,0
BRDA:313,37,1,0
BRDA:313,38,0,0
BRDA:313,38,1,0
BRDA:317,39,0,0
BRDA:317,39,1,0
BRDA:322,40,0,0
BRDA:322,40,1,0
BRDA:328,41,0,0
BRDA:328,41,1,0
BRDA:392,42,0,0
BRDA:392,42,1,0
BRDA:415,43,0,0
BRDA:415,43,1,0
BRDA:424,44,0,0
BRDA:424,44,1,0
BRDA:424,45,0,0
BRDA:424,45,1,0
BRDA:430,46,0,0
BRDA:430,46,1,0
BRDA:442,47,0,0
BRDA:442,47,1,0
BRDA:450,48,0,0
BRDA:450,48,1,0
BRDA:453,49,0,0
BRDA:453,49,1,0
BRDA:458,50,0,0
BRDA:458,50,1,0
BRDA:460,51,0,0
BRDA:460,51,1,0
BRDA:470,52,0,0
BRDA:470,52,1,0
BRDA:470,53,0,0
BRDA:470,53,1,0
BRDA:480,54,0,0
BRDA:480,54,1,0
BRDA:488,55,0,0
BRDA:488,55,1,0
BRDA:490,56,0,0
BRDA:490,56,1,0
BRDA:490,57,0,0
BRDA:490,57,1,0
BRDA:494,58,0,0
BRDA:494,58,1,0
BRDA:499,59,0,0
BRDA:499,59,1,0
BRDA:500,60,0,0
BRDA:500,60,1,0
BRDA:505,61,0,0
BRDA:505,61,1,0
BRDA:519,62,0,0
BRDA:519,62,1,0
BRDA:527,63,0,0
BRDA:527,63,1,0
BRDA:544,64,0,0
BRDA:544,64,1,0
BRDA:544,65,0,0
BRDA:544,65,1,0
BRDA:548,66,0,0
BRDA:548,66,1,0
BRDA:553,67,0,0
BRDA:553,67,1,0
BRDA:554,68,0,0
BRDA:554,68,1,0
BRDA:559,69,0,0
BRDA:559,69,1,0
BRDA:575,70,0,0
BRDA:575,70,1,0
BRDA:578,71,0,0
BRDA:578,71,1,0
BRDA:596,72,0,0
BRDA:596,72,1,0
BRDA:600,73,0,0
BRDA:600,73,1,0
BRF:146
BRH:0
end_of_record
TN:
SF:server\middleware\auth.ts
FN:43,(anonymous_0)
FNF:1
FNH:1
FNDA:6,(anonymous_0)
DA:16,2
DA:19,2
DA:20,0
DA:28,2
DA:43,2
DA:44,6
DA:45,0
DA:50,6
DA:51,6
DA:52,6
DA:54,6
DA:56,6
DA:57,2
DA:60,4
DA:61,4
DA:66,3
DA:68,3
DA:69,1
DA:72,2
DA:75,2
DA:77,2
DA:79,1
DA:81,1
DA:83,0
DA:87,1
DA:89,1
DA:101,2
DA:110,2
DA:113,1
LF:29
LH:26
BRDA:16,0,0,2
BRDA:16,0,1,2
BRDA:19,1,0,0
BRDA:19,1,1,2
BRDA:44,2,0,0
BRDA:44,2,1,6
BRDA:52,3,0,4
BRDA:52,3,1,2
BRDA:54,4,0,6
BRDA:54,4,1,6
BRDA:56,5,0,2
BRDA:56,5,1,4
BRDA:68,6,0,1
BRDA:68,6,1,2
BRDA:68,7,0,3
BRDA:68,7,1,3
BRDA:68,7,2,2
BRDA:77,8,0,1
BRDA:77,8,1,1
BRDA:81,9,0,0
BRDA:81,9,1,1
BRDA:81,10,0,1
BRDA:81,10,1,0
BRDA:85,11,0,0
BRDA:85,11,1,0
BRDA:85,12,0,0
BRDA:85,12,1,0
BRDA:87,13,0,1
BRDA:87,13,1,0
BRDA:93,14,0,1
BRDA:93,14,1,0
BRF:31
BRH:21
end_of_record
TN:
SF:server\middleware\metrics.ts
FN:4,(anonymous_0)
FN:13,(anonymous_1)
FNF:2
FNH:0
FNDA:0,(anonymous_0)
FNDA:0,(anonymous_1)
DA:4,0
DA:6,0
DA:7,0
DA:10,0
DA:13,0
DA:14,0
DA:15,0
DA:16,0
DA:19,0
LF:9
LH:0
BRDA:6,0,0,0
BRDA:6,0,1,0
BRDA:6,1,0,0
BRDA:6,1,1,0
BRF:4
BRH:0
end_of_record
TN:
SF:server\middleware\rateLimiter.ts
FN:16,(anonymous_0)
FN:22,(anonymous_1)
FN:31,(anonymous_2)
FNF:3
FNH:0
FNDA:0,(anonymous_0)
FNDA:0,(anonymous_1)
FNDA:0,(anonymous_2)
DA:6,0
DA:9,0
DA:16,0
DA:22,0
DA:23,0
DA:31,0
LF:6
LH:0
BRDA:11,0,0,0
BRDA:11,0,1,0
BRDA:22,1,0,0
BRDA:22,1,1,0
BRF:4
BRH:0
end_of_record
